{
  "stats": {
    "suites": 1,
    "tests": 1,
    "passes": 1,
    "pending": 0,
    "failures": 0,
    "start": "2026-07-07T12:07:26.651Z",
    "end": "2026-07-07T12:07:40.958Z",
    "duration": 14307,
    "testsRegistered": 1,
    "passPercent": 100,
    "pendingPercent": 0,
    "other": 0,
    "hasOther": false,
    "skipped": 0,
    "hasSkipped": false
  },
  "results": [
    {
      "uuid": "7de73e87-28c4-4e8d-a33b-7bb28e7229d9",
      "title": "",
      "fullFile": "cypress\\e2e\\cartPom.cy.js",
      "file": "cypress\\e2e\\cartPom.cy.js",
      "beforeHooks": [],
      "afterHooks": [],
      "tests": [],
      "suites": [
        {
          "uuid": "d5c7677e-5b24-480e-b546-8975a4443b76",
          "title": "verfication de produit",
          "fullFile": "",
          "file": "",
          "beforeHooks": [],
          "afterHooks": [],
          "tests": [
            {
              "title": "verfier le produit ",
              "fullTitle": "verfication de produit verfier le produit ",
              "timedOut": null,
              "duration": 4958,
              "state": "passed",
              "speed": "fast",
              "pass": true,
              "fail": false,
              "pending": false,
              "context": null,
              "code": "_cartPom.default.verifyprod();\n_cartPom.default.clickContinue();\ncy.url().should('include', '/inventory.html');",
              "err": {},
              "uuid": "4c6dd87a-47b4-4b3d-9ce3-82f2af9f485b",
              "parentUUID": "d5c7677e-5b24-480e-b546-8975a4443b76",
              "isHook": false,
              "skipped": false
            }
          ],
          "suites": [],
          "passes": [
            "4c6dd87a-47b4-4b3d-9ce3-82f2af9f485b"
          ],
          "failures": [],
          "pending": [],
          "skipped": [],
          "duration": 4958,
          "root": false,
          "rootEmpty": false,
          "_timeout": 2000
        }
      ],
      "passes": [],
      "failures": [],
      "pending": [],
      "skipped": [],
      "duration": 0,
      "root": true,
      "rootEmpty": true,
      "_timeout": 2000
    }
  ],
  "meta": {
    "mocha": {
      "version": "7.2.0"
    },
    "mochawesome": {
      "options": {
        "quiet": false,
        "reportFilename": "mochawesome",
        "saveHtml": false,
        "saveJson": true,
        "consoleReporter": "spec",
        "useInlineDiffs": false,
        "code": true
      },
      "version": "7.1.4"
    },
    "marge": {
      "options": {
        "reportDir": "cypress/reports/mochawesome",
        "overwrite": false,
        "html": false,
        "json": true
      },
      "version": "6.3.2"
    }
  }
}