{
  "stats": {
    "suites": 1,
    "tests": 2,
    "passes": 2,
    "pending": 0,
    "failures": 0,
    "start": "2026-07-07T10:48:20.426Z",
    "end": "2026-07-07T10:48:31.373Z",
    "duration": 10947,
    "testsRegistered": 2,
    "passPercent": 100,
    "pendingPercent": 0,
    "other": 0,
    "hasOther": false,
    "skipped": 0,
    "hasSkipped": false
  },
  "results": [
    {
      "uuid": "6b6a7121-9eae-4ba1-89e2-6b0238f806f1",
      "title": "",
      "fullFile": "cypress\\e2e\\loginPom.cy.js",
      "file": "cypress\\e2e\\loginPom.cy.js",
      "beforeHooks": [],
      "afterHooks": [],
      "tests": [],
      "suites": [
        {
          "uuid": "9b1459d5-c850-4f0b-b89c-1863ccbc38e3",
          "title": "Login avec le POM",
          "fullFile": "",
          "file": "",
          "beforeHooks": [],
          "afterHooks": [],
          "tests": [
            {
              "title": "longin with POM valide",
              "fullTitle": "Login avec le POM longin with POM valide",
              "timedOut": null,
              "duration": 1915,
              "state": "passed",
              "speed": "fast",
              "pass": true,
              "fail": false,
              "pending": false,
              "context": null,
              "code": "_loginPom.default.goLogin(\"standard_user\", \"secret_sauce\");\ncy.url().should('include', '/inventory.html');",
              "err": {},
              "uuid": "088da798-05b4-4837-913d-82f7f211075d",
              "parentUUID": "9b1459d5-c850-4f0b-b89c-1863ccbc38e3",
              "isHook": false,
              "skipped": false
            },
            {
              "title": "login with POM invalide",
              "fullTitle": "Login avec le POM login with POM invalide",
              "timedOut": null,
              "duration": 2082,
              "state": "passed",
              "speed": "fast",
              "pass": true,
              "fail": false,
              "pending": false,
              "context": null,
              "code": "_loginPom.default.goLogin(\"standard_us\", \"secret_sau\");\n_loginPom.default.getErrormsg();",
              "err": {},
              "uuid": "a1eb5e31-1718-4c74-809e-851f0a0fb75c",
              "parentUUID": "9b1459d5-c850-4f0b-b89c-1863ccbc38e3",
              "isHook": false,
              "skipped": false
            }
          ],
          "suites": [],
          "passes": [
            "088da798-05b4-4837-913d-82f7f211075d",
            "a1eb5e31-1718-4c74-809e-851f0a0fb75c"
          ],
          "failures": [],
          "pending": [],
          "skipped": [],
          "duration": 3997,
          "root": false,
          "rootEmpty": false,
          "_timeout": 2000
        }
      ],
      "passes": [],
      "failures": [],
      "pending": [],
      "skipped": [],
      "duration": 0,
      "root": true,
      "rootEmpty": true,
      "_timeout": 2000
    }
  ],
  "meta": {
    "mocha": {
      "version": "7.2.0"
    },
    "mochawesome": {
      "options": {
        "quiet": false,
        "reportFilename": "mochawesome",
        "saveHtml": false,
        "saveJson": true,
        "consoleReporter": "spec",
        "useInlineDiffs": false,
        "code": true
      },
      "version": "7.1.4"
    },
    "marge": {
      "options": {
        "reportDir": "cypress/reports/mochawesome",
        "overwrite": false,
        "html": false,
        "json": true
      },
      "version": "6.3.2"
    }
  }
}