{
  "stats": {
    "suites": 1,
    "tests": 2,
    "passes": 2,
    "pending": 0,
    "failures": 0,
    "start": "2026-07-07T12:08:10.152Z",
    "end": "2026-07-07T12:08:22.661Z",
    "duration": 12509,
    "testsRegistered": 2,
    "passPercent": 100,
    "pendingPercent": 0,
    "other": 0,
    "hasOther": false,
    "skipped": 0,
    "hasSkipped": false
  },
  "results": [
    {
      "uuid": "dba7fd25-3be6-4298-a6b3-65718f0691ac",
      "title": "",
      "fullFile": "cypress\\e2e\\loginPom.cy.js",
      "file": "cypress\\e2e\\loginPom.cy.js",
      "beforeHooks": [],
      "afterHooks": [],
      "tests": [],
      "suites": [
        {
          "uuid": "4da6f61a-0b98-466c-9d3a-e653648dd928",
          "title": "Login avec le POM",
          "fullFile": "",
          "file": "",
          "beforeHooks": [],
          "afterHooks": [],
          "tests": [
            {
              "title": "longin with POM valide",
              "fullTitle": "Login avec le POM longin with POM valide",
              "timedOut": null,
              "duration": 2375,
              "state": "passed",
              "speed": "fast",
              "pass": true,
              "fail": false,
              "pending": false,
              "context": null,
              "code": "_loginPom.default.goLogin(\"standard_user\", \"secret_sauce\");\ncy.url().should('include', '/inventory.html');",
              "err": {},
              "uuid": "e6c91601-0976-4afe-85a8-5dac1fa27792",
              "parentUUID": "4da6f61a-0b98-466c-9d3a-e653648dd928",
              "isHook": false,
              "skipped": false
            },
            {
              "title": "login with POM invalide",
              "fullTitle": "Login avec le POM login with POM invalide",
              "timedOut": null,
              "duration": 1367,
              "state": "passed",
              "speed": "fast",
              "pass": true,
              "fail": false,
              "pending": false,
              "context": null,
              "code": "_loginPom.default.goLogin(\"standard_us\", \"secret_sau\");\n_loginPom.default.getErrormsg();",
              "err": {},
              "uuid": "5696c6a1-1a94-4427-a464-5b7962218bad",
              "parentUUID": "4da6f61a-0b98-466c-9d3a-e653648dd928",
              "isHook": false,
              "skipped": false
            }
          ],
          "suites": [],
          "passes": [
            "e6c91601-0976-4afe-85a8-5dac1fa27792",
            "5696c6a1-1a94-4427-a464-5b7962218bad"
          ],
          "failures": [],
          "pending": [],
          "skipped": [],
          "duration": 3742,
          "root": false,
          "rootEmpty": false,
          "_timeout": 2000
        }
      ],
      "passes": [],
      "failures": [],
      "pending": [],
      "skipped": [],
      "duration": 0,
      "root": true,
      "rootEmpty": true,
      "_timeout": 2000
    }
  ],
  "meta": {
    "mocha": {
      "version": "7.2.0"
    },
    "mochawesome": {
      "options": {
        "quiet": false,
        "reportFilename": "mochawesome",
        "saveHtml": false,
        "saveJson": true,
        "consoleReporter": "spec",
        "useInlineDiffs": false,
        "code": true
      },
      "version": "7.1.4"
    },
    "marge": {
      "options": {
        "reportDir": "cypress/reports/mochawesome",
        "overwrite": false,
        "html": false,
        "json": true
      },
      "version": "6.3.2"
    }
  }
}