{
  "stats": {
    "suites": 1,
    "tests": 1,
    "passes": 1,
    "pending": 0,
    "failures": 0,
    "start": "2026-07-07T23:45:38.617Z",
    "end": "2026-07-07T23:45:46.150Z",
    "duration": 7533,
    "testsRegistered": 1,
    "passPercent": 100,
    "pendingPercent": 0,
    "other": 0,
    "hasOther": false,
    "skipped": 0,
    "hasSkipped": false
  },
  "results": [
    {
      "uuid": "f5c7c6a3-7446-4083-97c9-2340cceb71a1",
      "title": "",
      "fullFile": "cypress\\e2e\\productPom.cy.js",
      "file": "cypress\\e2e\\productPom.cy.js",
      "beforeHooks": [],
      "afterHooks": [],
      "tests": [],
      "suites": [
        {
          "uuid": "dd838471-abc3-4dd8-a01d-2ed2e76bc685",
          "title": "ajouter des produits",
          "fullFile": "",
          "file": "",
          "beforeHooks": [],
          "afterHooks": [],
          "tests": [
            {
              "title": "ajouter un produit ",
              "fullTitle": "ajouter des produits ajouter un produit ",
              "timedOut": null,
              "duration": 2870,
              "state": "passed",
              "speed": "fast",
              "pass": true,
              "fail": false,
              "pending": false,
              "context": null,
              "code": "_productPom.default.clickButtonAdd1();\n_productPom.default.clickButtonAdd2();\n_productPom.default.view();\n_productPom.default.verify();\n_productPom.default.clickButtonCard();\ncy.url().should('include', '/cart.html');",
              "err": {},
              "uuid": "671d50fa-a18e-4f45-81e4-740d1f858770",
              "parentUUID": "dd838471-abc3-4dd8-a01d-2ed2e76bc685",
              "isHook": false,
              "skipped": false
            }
          ],
          "suites": [],
          "passes": [
            "671d50fa-a18e-4f45-81e4-740d1f858770"
          ],
          "failures": [],
          "pending": [],
          "skipped": [],
          "duration": 2870,
          "root": false,
          "rootEmpty": false,
          "_timeout": 2000
        }
      ],
      "passes": [],
      "failures": [],
      "pending": [],
      "skipped": [],
      "duration": 0,
      "root": true,
      "rootEmpty": true,
      "_timeout": 2000
    }
  ],
  "meta": {
    "mocha": {
      "version": "7.2.0"
    },
    "mochawesome": {
      "options": {
        "quiet": false,
        "reportFilename": "mochawesome",
        "saveHtml": false,
        "saveJson": true,
        "consoleReporter": "spec",
        "useInlineDiffs": false,
        "code": true
      },
      "version": "7.1.4"
    },
    "marge": {
      "options": {
        "reportDir": "cypress/reports/mochawesome",
        "overwrite": false,
        "html": false,
        "json": true
      },
      "version": "6.3.2"
    }
  }
}