{
  "stats": {
    "suites": 1,
    "tests": 2,
    "passes": 2,
    "pending": 0,
    "failures": 0,
    "start": "2026-07-07T12:08:29.309Z",
    "end": "2026-07-07T12:08:41.466Z",
    "duration": 12157,
    "testsRegistered": 2,
    "passPercent": 100,
    "pendingPercent": 0,
    "other": 0,
    "hasOther": false,
    "skipped": 0,
    "hasSkipped": false
  },
  "results": [
    {
      "uuid": "b786465d-0d80-41f4-bf5c-691a13cf9258",
      "title": "",
      "fullFile": "cypress\\e2e\\login_env.cy.js",
      "file": "cypress\\e2e\\login_env.cy.js",
      "beforeHooks": [],
      "afterHooks": [],
      "tests": [],
      "suites": [
        {
          "uuid": "39a5e53d-70ee-4a59-982c-39ac39657903",
          "title": "authentification sauce demo",
          "fullFile": "",
          "file": "",
          "beforeHooks": [],
          "afterHooks": [],
          "tests": [
            {
              "title": "login valide",
              "fullTitle": "authentification sauce demo login valide",
              "timedOut": null,
              "duration": 2552,
              "state": "passed",
              "speed": "fast",
              "pass": true,
              "fail": false,
              "pending": false,
              "context": null,
              "code": "cy.visit('https://www.saucedemo.com/');\ncy.get('#user-name').type('standard_user');\ncy.get('#password').type('secret_sauce');\ncy.get('#login-button').click();\n// Assertions \ncy.url().should('include', '/inventory.html');",
              "err": {},
              "uuid": "420423b5-9fa6-4c4d-a8e8-86805bde2c3f",
              "parentUUID": "39a5e53d-70ee-4a59-982c-39ac39657903",
              "isHook": false,
              "skipped": false
            },
            {
              "title": "login invalide",
              "fullTitle": "authentification sauce demo login invalide",
              "timedOut": null,
              "duration": 1968,
              "state": "passed",
              "speed": "fast",
              "pass": true,
              "fail": false,
              "pending": false,
              "context": null,
              "code": "cy.visit('https://www.saucedemo.com/');\ncy.get('#user-name').type('standard_u');\ncy.get('#password').type('secret_sau');\ncy.get('#login-button').click();\n// Assertions\ncy.get('[data-test=\"error\"]').should('be.visible').and('contain', 'Epic sadface');",
              "err": {},
              "uuid": "528e6613-dcf4-4558-9f4f-2d7854f6ebbf",
              "parentUUID": "39a5e53d-70ee-4a59-982c-39ac39657903",
              "isHook": false,
              "skipped": false
            }
          ],
          "suites": [],
          "passes": [
            "420423b5-9fa6-4c4d-a8e8-86805bde2c3f",
            "528e6613-dcf4-4558-9f4f-2d7854f6ebbf"
          ],
          "failures": [],
          "pending": [],
          "skipped": [],
          "duration": 4520,
          "root": false,
          "rootEmpty": false,
          "_timeout": 2000
        }
      ],
      "passes": [],
      "failures": [],
      "pending": [],
      "skipped": [],
      "duration": 0,
      "root": true,
      "rootEmpty": true,
      "_timeout": 2000
    }
  ],
  "meta": {
    "mocha": {
      "version": "7.2.0"
    },
    "mochawesome": {
      "options": {
        "quiet": false,
        "reportFilename": "mochawesome",
        "saveHtml": false,
        "saveJson": true,
        "consoleReporter": "spec",
        "useInlineDiffs": false,
        "code": true
      },
      "version": "7.1.4"
    },
    "marge": {
      "options": {
        "reportDir": "cypress/reports/mochawesome",
        "overwrite": false,
        "html": false,
        "json": true
      },
      "version": "6.3.2"
    }
  }
}