{
  "stats": {
    "suites": 1,
    "tests": 2,
    "passes": 2,
    "pending": 0,
    "failures": 0,
    "start": "2026-07-07T10:48:06.176Z",
    "end": "2026-07-07T10:48:14.538Z",
    "duration": 8362,
    "testsRegistered": 2,
    "passPercent": 100,
    "pendingPercent": 0,
    "other": 0,
    "hasOther": false,
    "skipped": 0,
    "hasSkipped": false
  },
  "results": [
    {
      "uuid": "a9dac72a-2a11-4a4f-8fa6-d502562d3a36",
      "title": "",
      "fullFile": "cypress\\e2e\\login.cy.js",
      "file": "cypress\\e2e\\login.cy.js",
      "beforeHooks": [],
      "afterHooks": [],
      "tests": [],
      "suites": [
        {
          "uuid": "dba39874-8628-4a70-9142-5b5eff75c73f",
          "title": "authentification sauce demo",
          "fullFile": "",
          "file": "",
          "beforeHooks": [],
          "afterHooks": [],
          "tests": [
            {
              "title": "login valide ",
              "fullTitle": "authentification sauce demo login valide ",
              "timedOut": null,
              "duration": 1945,
              "state": "passed",
              "speed": "fast",
              "pass": true,
              "fail": false,
              "pending": false,
              "context": null,
              "code": "cy.visit('https://www.saucedemo.com/');\ncy.get('#user-name').type('standard_user');\ncy.get('#password').type('secret_sauce');\ncy.get('#login-button').click();\n// Assertions \ncy.url().should('include', '/inventory.html');",
              "err": {},
              "uuid": "e0b65f6c-309d-4727-b69e-732a5e295fad",
              "parentUUID": "dba39874-8628-4a70-9142-5b5eff75c73f",
              "isHook": false,
              "skipped": false
            },
            {
              "title": "login invalide",
              "fullTitle": "authentification sauce demo login invalide",
              "timedOut": null,
              "duration": 1170,
              "state": "passed",
              "speed": "fast",
              "pass": true,
              "fail": false,
              "pending": false,
              "context": null,
              "code": "cy.visit('https://www.saucedemo.com/');\ncy.get('#user-name').type('standard_u');\ncy.get('#password').type('secret_sau');\ncy.get('#login-button').click();\n// Assertions\ncy.get('[data-test=\"error\"]').should('be.visible').and('contain', 'Epic sadface');",
              "err": {},
              "uuid": "43aba6c5-daaf-4100-ba71-e38c0c7ad496",
              "parentUUID": "dba39874-8628-4a70-9142-5b5eff75c73f",
              "isHook": false,
              "skipped": false
            }
          ],
          "suites": [],
          "passes": [
            "e0b65f6c-309d-4727-b69e-732a5e295fad",
            "43aba6c5-daaf-4100-ba71-e38c0c7ad496"
          ],
          "failures": [],
          "pending": [],
          "skipped": [],
          "duration": 3115,
          "root": false,
          "rootEmpty": false,
          "_timeout": 2000
        }
      ],
      "passes": [],
      "failures": [],
      "pending": [],
      "skipped": [],
      "duration": 0,
      "root": true,
      "rootEmpty": true,
      "_timeout": 2000
    }
  ],
  "meta": {
    "mocha": {
      "version": "7.2.0"
    },
    "mochawesome": {
      "options": {
        "quiet": false,
        "reportFilename": "mochawesome",
        "saveHtml": false,
        "saveJson": true,
        "consoleReporter": "spec",
        "useInlineDiffs": false,
        "code": true
      },
      "version": "7.1.4"
    },
    "marge": {
      "options": {
        "reportDir": "cypress/reports/mochawesome",
        "overwrite": false,
        "html": false,
        "json": true
      },
      "version": "6.3.2"
    }
  }
}