{
  "stats": {
    "suites": 1,
    "tests": 2,
    "passes": 2,
    "pending": 0,
    "failures": 0,
    "start": "2026-07-07T10:09:09.175Z",
    "end": "2026-07-07T10:09:27.726Z",
    "duration": 18551,
    "testsRegistered": 2,
    "passPercent": 100,
    "pendingPercent": 0,
    "other": 0,
    "hasOther": false,
    "skipped": 0,
    "hasSkipped": false
  },
  "results": [
    {
      "uuid": "b9fa55e7-5aa3-4492-9b37-021f8e54c997",
      "title": "",
      "fullFile": "cypress\\e2e\\login.cy.js",
      "file": "cypress\\e2e\\login.cy.js",
      "beforeHooks": [],
      "afterHooks": [],
      "tests": [],
      "suites": [
        {
          "uuid": "a211ff13-c6f0-40be-b46a-1ce9b24c68d3",
          "title": "authentification sauce demo",
          "fullFile": "",
          "file": "",
          "beforeHooks": [],
          "afterHooks": [],
          "tests": [
            {
              "title": "login valide ",
              "fullTitle": "authentification sauce demo login valide ",
              "timedOut": null,
              "duration": 5499,
              "state": "passed",
              "speed": "medium",
              "pass": true,
              "fail": false,
              "pending": false,
              "context": null,
              "code": "cy.visit('https://www.saucedemo.com/');\ncy.get('#user-name').type('standard_user');\ncy.get('#password').type('secret_sauce');\ncy.get('#login-button').click();\n// Assertions \ncy.url().should('include', '/inventory.html');",
              "err": {},
              "uuid": "99336b58-4272-4f54-b179-62fc0fdf248e",
              "parentUUID": "a211ff13-c6f0-40be-b46a-1ce9b24c68d3",
              "isHook": false,
              "skipped": false
            },
            {
              "title": "login invalide",
              "fullTitle": "authentification sauce demo login invalide",
              "timedOut": null,
              "duration": 2124,
              "state": "passed",
              "speed": "fast",
              "pass": true,
              "fail": false,
              "pending": false,
              "context": null,
              "code": "cy.visit('https://www.saucedemo.com/');\ncy.get('#user-name').type('standard_u');\ncy.get('#password').type('secret_sau');\ncy.get('#login-button').click();\n// Assertions\ncy.get('[data-test=\"error\"]').should('be.visible').and('contain', 'Epic sadface');",
              "err": {},
              "uuid": "b8468aa8-e639-48fe-9cd9-9da408df45d9",
              "parentUUID": "a211ff13-c6f0-40be-b46a-1ce9b24c68d3",
              "isHook": false,
              "skipped": false
            }
          ],
          "suites": [],
          "passes": [
            "99336b58-4272-4f54-b179-62fc0fdf248e",
            "b8468aa8-e639-48fe-9cd9-9da408df45d9"
          ],
          "failures": [],
          "pending": [],
          "skipped": [],
          "duration": 7623,
          "root": false,
          "rootEmpty": false,
          "_timeout": 2000
        }
      ],
      "passes": [],
      "failures": [],
      "pending": [],
      "skipped": [],
      "duration": 0,
      "root": true,
      "rootEmpty": true,
      "_timeout": 2000
    }
  ],
  "meta": {
    "mocha": {
      "version": "7.2.0"
    },
    "mochawesome": {
      "options": {
        "quiet": false,
        "reportFilename": "mochawesome",
        "saveHtml": false,
        "saveJson": true,
        "consoleReporter": "spec",
        "useInlineDiffs": false,
        "code": true
      },
      "version": "7.1.4"
    },
    "marge": {
      "options": {
        "reportDir": "cypress/reports/mochawesome",
        "overwrite": false,
        "html": false,
        "json": true
      },
      "version": "6.3.2"
    }
  }
}