{
  "stats": {
    "suites": 1,
    "tests": 2,
    "passes": 2,
    "pending": 0,
    "failures": 0,
    "start": "2026-07-07T10:09:37.480Z",
    "end": "2026-07-07T10:09:48.456Z",
    "duration": 10976,
    "testsRegistered": 2,
    "passPercent": 100,
    "pendingPercent": 0,
    "other": 0,
    "hasOther": false,
    "skipped": 0,
    "hasSkipped": false
  },
  "results": [
    {
      "uuid": "995d0a4a-a78c-4c29-afad-bfb79f8d42f6",
      "title": "",
      "fullFile": "cypress\\e2e\\loginPom.cy.js",
      "file": "cypress\\e2e\\loginPom.cy.js",
      "beforeHooks": [],
      "afterHooks": [],
      "tests": [],
      "suites": [
        {
          "uuid": "2b865023-8dcb-45a8-9d00-cd5dec01dad3",
          "title": "Login avec le POM",
          "fullFile": "",
          "file": "",
          "beforeHooks": [],
          "afterHooks": [],
          "tests": [
            {
              "title": "longin with POM valide",
              "fullTitle": "Login avec le POM longin with POM valide",
              "timedOut": null,
              "duration": 2745,
              "state": "passed",
              "speed": "fast",
              "pass": true,
              "fail": false,
              "pending": false,
              "context": null,
              "code": "_loginPom.default.goLogin(\"standard_user\", \"secret_sauce\");\ncy.url().should('include', '/inventory.html');",
              "err": {},
              "uuid": "189289df-59e9-4083-b3e1-4e4a8fd326b0",
              "parentUUID": "2b865023-8dcb-45a8-9d00-cd5dec01dad3",
              "isHook": false,
              "skipped": false
            },
            {
              "title": "login with POM invalide",
              "fullTitle": "Login avec le POM login with POM invalide",
              "timedOut": null,
              "duration": 2145,
              "state": "passed",
              "speed": "fast",
              "pass": true,
              "fail": false,
              "pending": false,
              "context": null,
              "code": "_loginPom.default.goLogin(\"standard_us\", \"secret_sau\");\n_loginPom.default.getErrormsg();",
              "err": {},
              "uuid": "458c947e-8207-4c42-81a5-26fee26b4e36",
              "parentUUID": "2b865023-8dcb-45a8-9d00-cd5dec01dad3",
              "isHook": false,
              "skipped": false
            }
          ],
          "suites": [],
          "passes": [
            "189289df-59e9-4083-b3e1-4e4a8fd326b0",
            "458c947e-8207-4c42-81a5-26fee26b4e36"
          ],
          "failures": [],
          "pending": [],
          "skipped": [],
          "duration": 4890,
          "root": false,
          "rootEmpty": false,
          "_timeout": 2000
        }
      ],
      "passes": [],
      "failures": [],
      "pending": [],
      "skipped": [],
      "duration": 0,
      "root": true,
      "rootEmpty": true,
      "_timeout": 2000
    }
  ],
  "meta": {
    "mocha": {
      "version": "7.2.0"
    },
    "mochawesome": {
      "options": {
        "quiet": false,
        "reportFilename": "mochawesome",
        "saveHtml": false,
        "saveJson": true,
        "consoleReporter": "spec",
        "useInlineDiffs": false,
        "code": true
      },
      "version": "7.1.4"
    },
    "marge": {
      "options": {
        "reportDir": "cypress/reports/mochawesome",
        "overwrite": false,
        "html": false,
        "json": true
      },
      "version": "6.3.2"
    }
  }
}