{
  "stats": {
    "suites": 1,
    "tests": 2,
    "passes": 2,
    "pending": 0,
    "failures": 0,
    "start": "2026-07-07T12:30:37.339Z",
    "end": "2026-07-07T12:31:01.249Z",
    "duration": 23910,
    "testsRegistered": 2,
    "passPercent": 100,
    "pendingPercent": 0,
    "other": 0,
    "hasOther": false,
    "skipped": 0,
    "hasSkipped": false
  },
  "results": [
    {
      "uuid": "d71723ce-1df9-4b1f-bc8c-16d27e2891a2",
      "title": "",
      "fullFile": "cypress\\e2e\\login.cy.js",
      "file": "cypress\\e2e\\login.cy.js",
      "beforeHooks": [],
      "afterHooks": [],
      "tests": [],
      "suites": [
        {
          "uuid": "f975329b-3866-482c-b409-045b8167a807",
          "title": "authentification sauce demo",
          "fullFile": "",
          "file": "",
          "beforeHooks": [],
          "afterHooks": [],
          "tests": [
            {
              "title": "login valide ",
              "fullTitle": "authentification sauce demo login valide ",
              "timedOut": null,
              "duration": 2877,
              "state": "passed",
              "speed": "fast",
              "pass": true,
              "fail": false,
              "pending": false,
              "context": null,
              "code": "cy.visit('https://www.saucedemo.com/');\ncy.get('#user-name').type('standard_user');\ncy.get('#password').type('secret_sauce');\ncy.get('#login-button').click();\n// Assertions \ncy.url().should('include', '/inventory.html');",
              "err": {},
              "uuid": "501bb48e-953a-4e16-8fd8-a3750ff04355",
              "parentUUID": "f975329b-3866-482c-b409-045b8167a807",
              "isHook": false,
              "skipped": false
            },
            {
              "title": "login invalide",
              "fullTitle": "authentification sauce demo login invalide",
              "timedOut": null,
              "duration": 5472,
              "state": "passed",
              "speed": "medium",
              "pass": true,
              "fail": false,
              "pending": false,
              "context": null,
              "code": "cy.visit('https://www.saucedemo.com/');\ncy.get('#user-name').type('standard_u');\ncy.get('#password').type('secret_sau');\ncy.get('#login-button').click();\n// Assertions\ncy.get('[data-test=\"error\"]').should('be.visible').and('contain', 'Epic sadface');",
              "err": {},
              "uuid": "937f0e2c-09b9-477d-9c5c-ef205d16ec7d",
              "parentUUID": "f975329b-3866-482c-b409-045b8167a807",
              "isHook": false,
              "skipped": false
            }
          ],
          "suites": [],
          "passes": [
            "501bb48e-953a-4e16-8fd8-a3750ff04355",
            "937f0e2c-09b9-477d-9c5c-ef205d16ec7d"
          ],
          "failures": [],
          "pending": [],
          "skipped": [],
          "duration": 8349,
          "root": false,
          "rootEmpty": false,
          "_timeout": 2000
        }
      ],
      "passes": [],
      "failures": [],
      "pending": [],
      "skipped": [],
      "duration": 0,
      "root": true,
      "rootEmpty": true,
      "_timeout": 2000
    }
  ],
  "meta": {
    "mocha": {
      "version": "7.2.0"
    },
    "mochawesome": {
      "options": {
        "quiet": false,
        "reportFilename": "mochawesome",
        "saveHtml": false,
        "saveJson": true,
        "consoleReporter": "spec",
        "useInlineDiffs": false,
        "code": true
      },
      "version": "7.1.4"
    },
    "marge": {
      "options": {
        "reportDir": "cypress/reports/mochawesome",
        "overwrite": false,
        "html": false,
        "json": true
      },
      "version": "6.3.2"
    }
  }
}