{
  "stats": {
    "suites": 1,
    "tests": 2,
    "passes": 2,
    "pending": 0,
    "failures": 0,
    "start": "2026-07-07T12:31:42.973Z",
    "end": "2026-07-07T12:32:17.601Z",
    "duration": 34628,
    "testsRegistered": 2,
    "passPercent": 100,
    "pendingPercent": 0,
    "other": 0,
    "hasOther": false,
    "skipped": 0,
    "hasSkipped": false
  },
  "results": [
    {
      "uuid": "b1ee2dd2-6939-44fd-92f7-db4440239df7",
      "title": "",
      "fullFile": "cypress\\e2e\\login_env.cy.js",
      "file": "cypress\\e2e\\login_env.cy.js",
      "beforeHooks": [],
      "afterHooks": [],
      "tests": [],
      "suites": [
        {
          "uuid": "64be30e7-dd00-41aa-b7a9-b67e013d8846",
          "title": "authentification sauce demo",
          "fullFile": "",
          "file": "",
          "beforeHooks": [],
          "afterHooks": [],
          "tests": [
            {
              "title": "login valide",
              "fullTitle": "authentification sauce demo login valide",
              "timedOut": null,
              "duration": 5097,
              "state": "passed",
              "speed": "medium",
              "pass": true,
              "fail": false,
              "pending": false,
              "context": null,
              "code": "cy.visit('https://www.saucedemo.com/');\ncy.get('#user-name').type('standard_user');\ncy.get('#password').type('secret_sauce');\ncy.get('#login-button').click();\n// Assertions \ncy.url().should('include', '/inventory.html');",
              "err": {},
              "uuid": "ea97419c-6e61-4cd2-837d-4655f22427d8",
              "parentUUID": "64be30e7-dd00-41aa-b7a9-b67e013d8846",
              "isHook": false,
              "skipped": false
            },
            {
              "title": "login invalide",
              "fullTitle": "authentification sauce demo login invalide",
              "timedOut": null,
              "duration": 2461,
              "state": "passed",
              "speed": "fast",
              "pass": true,
              "fail": false,
              "pending": false,
              "context": null,
              "code": "cy.visit('https://www.saucedemo.com/');\ncy.get('#user-name').type('standard_u');\ncy.get('#password').type('secret_sau');\ncy.get('#login-button').click();\n// Assertions\ncy.get('[data-test=\"error\"]').should('be.visible').and('contain', 'Epic sadface');",
              "err": {},
              "uuid": "da306fc9-6638-4ae6-be7d-203bf40fb610",
              "parentUUID": "64be30e7-dd00-41aa-b7a9-b67e013d8846",
              "isHook": false,
              "skipped": false
            }
          ],
          "suites": [],
          "passes": [
            "ea97419c-6e61-4cd2-837d-4655f22427d8",
            "da306fc9-6638-4ae6-be7d-203bf40fb610"
          ],
          "failures": [],
          "pending": [],
          "skipped": [],
          "duration": 7558,
          "root": false,
          "rootEmpty": false,
          "_timeout": 2000
        }
      ],
      "passes": [],
      "failures": [],
      "pending": [],
      "skipped": [],
      "duration": 0,
      "root": true,
      "rootEmpty": true,
      "_timeout": 2000
    }
  ],
  "meta": {
    "mocha": {
      "version": "7.2.0"
    },
    "mochawesome": {
      "options": {
        "quiet": false,
        "reportFilename": "mochawesome",
        "saveHtml": false,
        "saveJson": true,
        "consoleReporter": "spec",
        "useInlineDiffs": false,
        "code": true
      },
      "version": "7.1.4"
    },
    "marge": {
      "options": {
        "reportDir": "cypress/reports/mochawesome",
        "overwrite": false,
        "html": false,
        "json": true
      },
      "version": "6.3.2"
    }
  }
}