{
  "stats": {
    "suites": 1,
    "tests": 1,
    "passes": 1,
    "pending": 0,
    "failures": 0,
    "start": "2026-07-07T12:33:57.623Z",
    "end": "2026-07-07T12:34:08.923Z",
    "duration": 11300,
    "testsRegistered": 1,
    "passPercent": 100,
    "pendingPercent": 0,
    "other": 0,
    "hasOther": false,
    "skipped": 0,
    "hasSkipped": false
  },
  "results": [
    {
      "uuid": "01bbd719-bd42-4773-8b90-64a52007e3ed",
      "title": "",
      "fullFile": "cypress\\e2e\\productPom.cy.js",
      "file": "cypress\\e2e\\productPom.cy.js",
      "beforeHooks": [],
      "afterHooks": [],
      "tests": [],
      "suites": [
        {
          "uuid": "163c65be-8dcb-488b-b988-794a62cf027d",
          "title": "ajouter des produits",
          "fullFile": "",
          "file": "",
          "beforeHooks": [],
          "afterHooks": [],
          "tests": [
            {
              "title": "ajouter un produit ",
              "fullTitle": "ajouter des produits ajouter un produit ",
              "timedOut": null,
              "duration": 3763,
              "state": "passed",
              "speed": "fast",
              "pass": true,
              "fail": false,
              "pending": false,
              "context": null,
              "code": "_productPom.default.clickButtonAdd();\n_productPom.default.view();\n_productPom.default.verify();\n_productPom.default.clickButtonCard();\ncy.url().should('include', '/cart.html');",
              "err": {},
              "uuid": "bbe04cc6-2136-457a-b424-19fdd7ed9155",
              "parentUUID": "163c65be-8dcb-488b-b988-794a62cf027d",
              "isHook": false,
              "skipped": false
            }
          ],
          "suites": [],
          "passes": [
            "bbe04cc6-2136-457a-b424-19fdd7ed9155"
          ],
          "failures": [],
          "pending": [],
          "skipped": [],
          "duration": 3763,
          "root": false,
          "rootEmpty": false,
          "_timeout": 2000
        }
      ],
      "passes": [],
      "failures": [],
      "pending": [],
      "skipped": [],
      "duration": 0,
      "root": true,
      "rootEmpty": true,
      "_timeout": 2000
    }
  ],
  "meta": {
    "mocha": {
      "version": "7.2.0"
    },
    "mochawesome": {
      "options": {
        "quiet": false,
        "reportFilename": "mochawesome",
        "saveHtml": false,
        "saveJson": true,
        "consoleReporter": "spec",
        "useInlineDiffs": false,
        "code": true
      },
      "version": "7.1.4"
    },
    "marge": {
      "options": {
        "reportDir": "cypress/reports/mochawesome",
        "overwrite": false,
        "html": false,
        "json": true
      },
      "version": "6.3.2"
    }
  }
}