{
  "stats": {
    "suites": 1,
    "tests": 1,
    "passes": 1,
    "pending": 0,
    "failures": 0,
    "start": "2026-07-07T12:08:49.628Z",
    "end": "2026-07-07T12:10:02.234Z",
    "duration": 72606,
    "testsRegistered": 1,
    "passPercent": 100,
    "pendingPercent": 0,
    "other": 0,
    "hasOther": false,
    "skipped": 0,
    "hasSkipped": false
  },
  "results": [
    {
      "uuid": "1ac881b9-a375-4546-88a8-eeaee6f124d7",
      "title": "",
      "fullFile": "cypress\\e2e\\logincsv.cy.js",
      "file": "cypress\\e2e\\logincsv.cy.js",
      "beforeHooks": [],
      "afterHooks": [],
      "tests": [],
      "suites": [
        {
          "uuid": "c84b7e0e-183b-4a66-9a71-9ffc46bec1ce",
          "title": "authentification avec un fichier csv",
          "fullFile": "",
          "file": "",
          "beforeHooks": [],
          "afterHooks": [],
          "tests": [
            {
              "title": "login avec un fichier csv",
              "fullTitle": "authentification avec un fichier csv login avec un fichier csv",
              "timedOut": null,
              "duration": 1236,
              "state": "passed",
              "speed": "fast",
              "pass": true,
              "fail": false,
              "pending": false,
              "context": null,
              "code": "cy.readFile(\"cypress/fixtures/jdd.csv\").then(csvdata => {\n  //le then permet de convertir vers un tableau js pour lire les données \n  (0, _csvtojson.default)().fromString(csvdata).then(jsondata => {\n    cy.wrap(jsondata).each(user => {\n      cy.visit('https://www.saucedemo.com/');\n      cy.get('#user-name').type(user.username);\n      cy.get('#password').type(user.password);\n      cy.get('#login-button').click();\n      if (user.result == \"success\") {\n        cy.url().should('include', '/inventory.html');\n      } else {\n        cy.get('[data-test=\"error\"]').should('be.visible').and('contain', 'Epic sadface');\n      }\n    });\n  });\n});",
              "err": {},
              "uuid": "c3de80d4-706d-430b-b7e3-a3b35a415d81",
              "parentUUID": "c84b7e0e-183b-4a66-9a71-9ffc46bec1ce",
              "isHook": false,
              "skipped": false
            }
          ],
          "suites": [],
          "passes": [
            "c3de80d4-706d-430b-b7e3-a3b35a415d81"
          ],
          "failures": [],
          "pending": [],
          "skipped": [],
          "duration": 1236,
          "root": false,
          "rootEmpty": false,
          "_timeout": 2000
        }
      ],
      "passes": [],
      "failures": [],
      "pending": [],
      "skipped": [],
      "duration": 0,
      "root": true,
      "rootEmpty": true,
      "_timeout": 2000
    }
  ],
  "meta": {
    "mocha": {
      "version": "7.2.0"
    },
    "mochawesome": {
      "options": {
        "quiet": false,
        "reportFilename": "mochawesome",
        "saveHtml": false,
        "saveJson": true,
        "consoleReporter": "spec",
        "useInlineDiffs": false,
        "code": true
      },
      "version": "7.1.4"
    },
    "marge": {
      "options": {
        "reportDir": "cypress/reports/mochawesome",
        "overwrite": false,
        "html": false,
        "json": true
      },
      "version": "6.3.2"
    }
  }
}