{
  "stats": {
    "suites": 1,
    "tests": 1,
    "passes": 1,
    "pending": 0,
    "failures": 0,
    "start": "2026-07-07T10:11:37.883Z",
    "end": "2026-07-07T10:11:51.085Z",
    "duration": 13202,
    "testsRegistered": 1,
    "passPercent": 100,
    "pendingPercent": 0,
    "other": 0,
    "hasOther": false,
    "skipped": 0,
    "hasSkipped": false
  },
  "results": [
    {
      "uuid": "f466dd54-5909-48d6-985e-55e795460d39",
      "title": "",
      "fullFile": "cypress\\e2e\\productPom.cy.js",
      "file": "cypress\\e2e\\productPom.cy.js",
      "beforeHooks": [],
      "afterHooks": [],
      "tests": [],
      "suites": [
        {
          "uuid": "5fd93189-24f4-4b81-85c1-27eaba8088b7",
          "title": "ajouter des produits",
          "fullFile": "",
          "file": "",
          "beforeHooks": [],
          "afterHooks": [],
          "tests": [
            {
              "title": "ajouter un produit ",
              "fullTitle": "ajouter des produits ajouter un produit ",
              "timedOut": null,
              "duration": 5303,
              "state": "passed",
              "speed": "medium",
              "pass": true,
              "fail": false,
              "pending": false,
              "context": null,
              "code": "_productPom.default.clickButtonAdd();\n_productPom.default.view();\n_productPom.default.verify();\n_productPom.default.clickButtonCard();\ncy.url().should('include', '/cart.html');",
              "err": {},
              "uuid": "f3c5c43b-f17a-49a5-8adb-0bc88fa880af",
              "parentUUID": "5fd93189-24f4-4b81-85c1-27eaba8088b7",
              "isHook": false,
              "skipped": false
            }
          ],
          "suites": [],
          "passes": [
            "f3c5c43b-f17a-49a5-8adb-0bc88fa880af"
          ],
          "failures": [],
          "pending": [],
          "skipped": [],
          "duration": 5303,
          "root": false,
          "rootEmpty": false,
          "_timeout": 2000
        }
      ],
      "passes": [],
      "failures": [],
      "pending": [],
      "skipped": [],
      "duration": 0,
      "root": true,
      "rootEmpty": true,
      "_timeout": 2000
    }
  ],
  "meta": {
    "mocha": {
      "version": "7.2.0"
    },
    "mochawesome": {
      "options": {
        "quiet": false,
        "reportFilename": "mochawesome",
        "saveHtml": false,
        "saveJson": true,
        "consoleReporter": "spec",
        "useInlineDiffs": false,
        "code": true
      },
      "version": "7.1.4"
    },
    "marge": {
      "options": {
        "reportDir": "cypress/reports/mochawesome",
        "overwrite": false,
        "html": false,
        "json": true
      },
      "version": "6.3.2"
    }
  }
}